[23:33:32] [Server thread/INFO]: Starting minecraft server version 1.14.2
[23:33:32] [Server thread/INFO]: Loading properties
[23:33:32] [Server thread/INFO]: This server is running CraftBukkit version git-Spigot-df0eb25-0309d17 (MC: 1.14.2) (Implementing API version 1.14.2-R0.1-SNAPSHOT)
[23:33:33] [Server thread/INFO]: Server Ping Player Sample Count: 12
[23:33:33] [Server thread/INFO]: Using 4 threads for Netty based IO
[23:33:33] [Server thread/INFO]: Debug logging is disabled
[23:33:33] [Server thread/INFO]: Default game type: SURVIVAL
[23:33:33] [Server thread/INFO]: Generating keypair
[23:33:34] [Server thread/INFO]: Starting Minecraft server on *:25565
[23:33:34] [Server thread/INFO]: Using epoll channel type
[23:33:40] [Server thread/WARN]: Plugin Medic v1.3.2 does not specify an api-version.
[23:33:40] [Server thread/INFO]: [Medic] Loading Medic v1.3.2
[23:33:40] [Server thread/WARN]: **** SERVER IS RUNNING IN OFFLINE/INSECURE MODE!
[23:33:40] [Server thread/WARN]: The server will make no attempt to authenticate usernames. Beware.
[23:33:40] [Server thread/WARN]: While this makes the game possible to play without internet access, it also opens up the ability for hackers to connect with any username they choose.
[23:33:40] [Server thread/WARN]: To change this, set "online-mode" to "true" in the server.properties file.
[23:33:40] [Server thread/INFO]: Preparing level "world"
[23:33:40] [Server thread/INFO]: Reloading ResourceManager: Default, bukkit
[23:33:41] [Server thread/INFO]: Loaded 6 recipes
[23:33:42] [Server thread/INFO]: -------- World Settings For [world] --------
[23:33:42] [Server thread/INFO]: Experience Merge Radius: 3.0
[23:33:42] [Server thread/INFO]: Mob Spawn Range: 6
[23:33:42] [Server thread/INFO]: Cactus Growth Modifier: 100%
[23:33:42] [Server thread/INFO]: Cane Growth Modifier: 100%
[23:33:42] [Server thread/INFO]: Melon Growth Modifier: 100%
[23:33:42] [Server thread/INFO]: Mushroom Growth Modifier: 100%
[23:33:42] [Server thread/INFO]: Pumpkin Growth Modifier: 100%
[23:33:42] [Server thread/INFO]: Sapling Growth Modifier: 100%
[23:33:42] [Server thread/INFO]: Beetroot Growth Modifier: 100%
[23:33:42] [Server thread/INFO]: Carrot Growth Modifier: 100%
[23:33:42] [Server thread/INFO]: Potato Growth Modifier: 100%
[23:33:42] [Server thread/INFO]: Wheat Growth Modifier: 100%
[23:33:42] [Server thread/INFO]: NetherWart Growth Modifier: 100%
[23:33:42] [Server thread/INFO]: Vine Growth Modifier: 100%
[23:33:42] [Server thread/INFO]: Cocoa Growth Modifier: 100%
[23:33:42] [Server thread/INFO]: Entity Activation Range: An 32 / Mo 32 / Ra 48 / Mi 16 / Tiv true
[23:33:42] [Server thread/INFO]: Entity Tracking Range: Pl 48 / An 48 / Mo 48 / Mi 32 / Other 64
[23:33:42] [Server thread/INFO]: Hopper Transfer: 8 Hopper Check: 1 Hopper Amount: 1
[23:33:42] [Server thread/INFO]: Custom Map Seeds:  Village: 10387312 Desert: 14357617 Igloo: 14357618 Jungle: 14357619 Swamp: 14357620 Monument: 10387313Ocean: 14357621 Shipwreck: 165745295 Slime: 987234911
[23:33:42] [Server thread/INFO]: Max TNT Explosions: 100
[23:33:42] [Server thread/INFO]: Tile Max Tick Time: 50ms Entity max Tick Time: 50ms
[23:33:42] [Server thread/INFO]: View Distance: 10
[23:33:42] [Server thread/INFO]: Allow Zombie Pigmen to spawn from portal blocks: true
[23:33:42] [Server thread/INFO]: Arrow Despawn Rate: 1200
[23:33:42] [Server thread/INFO]: Item Despawn Rate: 6000
[23:33:42] [Server thread/INFO]: Item Merge Radius: 2.5
[23:33:42] [Server thread/INFO]: Zombie Aggressive Towards Villager: true
[23:33:42] [Server thread/INFO]: Nerfing mobs spawned from spawners: false
[23:33:43] [Server thread/INFO]: -------- World Settings For [world_nether] --------
[23:33:43] [Server thread/INFO]: Experience Merge Radius: 3.0
[23:33:43] [Server thread/INFO]: Mob Spawn Range: 6
[23:33:43] [Server thread/INFO]: Cactus Growth Modifier: 100%
[23:33:43] [Server thread/INFO]: Cane Growth Modifier: 100%
[23:33:43] [Server thread/INFO]: Melon Growth Modifier: 100%
[23:33:43] [Server thread/INFO]: Mushroom Growth Modifier: 100%
[23:33:43] [Server thread/INFO]: Pumpkin Growth Modifier: 100%
[23:33:43] [Server thread/INFO]: Sapling Growth Modifier: 100%
[23:33:43] [Server thread/INFO]: Beetroot Growth Modifier: 100%
[23:33:43] [Server thread/INFO]: Carrot Growth Modifier: 100%
[23:33:43] [Server thread/INFO]: Potato Growth Modifier: 100%
[23:33:43] [Server thread/INFO]: Wheat Growth Modifier: 100%
[23:33:43] [Server thread/INFO]: NetherWart Growth Modifier: 100%
[23:33:43] [Server thread/INFO]: Vine Growth Modifier: 100%
[23:33:43] [Server thread/INFO]: Cocoa Growth Modifier: 100%
[23:33:43] [Server thread/INFO]: Entity Activation Range: An 32 / Mo 32 / Ra 48 / Mi 16 / Tiv true
[23:33:43] [Server thread/INFO]: Entity Tracking Range: Pl 48 / An 48 / Mo 48 / Mi 32 / Other 64
[23:33:43] [Server thread/INFO]: Hopper Transfer: 8 Hopper Check: 1 Hopper Amount: 1
[23:33:43] [Server thread/INFO]: Custom Map Seeds:  Village: 10387312 Desert: 14357617 Igloo: 14357618 Jungle: 14357619 Swamp: 14357620 Monument: 10387313Ocean: 14357621 Shipwreck: 165745295 Slime: 987234911
[23:33:43] [Server thread/INFO]: Max TNT Explosions: 100
[23:33:43] [Server thread/INFO]: Tile Max Tick Time: 50ms Entity max Tick Time: 50ms
[23:33:43] [Server thread/INFO]: View Distance: 10
[23:33:43] [Server thread/INFO]: Allow Zombie Pigmen to spawn from portal blocks: true
[23:33:43] [Server thread/INFO]: Arrow Despawn Rate: 1200
[23:33:43] [Server thread/INFO]: Item Despawn Rate: 6000
[23:33:43] [Server thread/INFO]: Item Merge Radius: 2.5
[23:33:43] [Server thread/INFO]: Zombie Aggressive Towards Villager: true
[23:33:43] [Server thread/INFO]: Nerfing mobs spawned from spawners: false
[23:33:43] [Server thread/INFO]: -------- World Settings For [world_the_end] --------
[23:33:43] [Server thread/INFO]: Experience Merge Radius: 3.0
[23:33:43] [Server thread/INFO]: Mob Spawn Range: 6
[23:33:43] [Server thread/INFO]: Cactus Growth Modifier: 100%
[23:33:43] [Server thread/INFO]: Cane Growth Modifier: 100%
[23:33:43] [Server thread/INFO]: Melon Growth Modifier: 100%
[23:33:43] [Server thread/INFO]: Mushroom Growth Modifier: 100%
[23:33:43] [Server thread/INFO]: Pumpkin Growth Modifier: 100%
[23:33:43] [Server thread/INFO]: Sapling Growth Modifier: 100%
[23:33:43] [Server thread/INFO]: Beetroot Growth Modifier: 100%
[23:33:43] [Server thread/INFO]: Carrot Growth Modifier: 100%
[23:33:43] [Server thread/INFO]: Potato Growth Modifier: 100%
[23:33:43] [Server thread/INFO]: Wheat Growth Modifier: 100%
[23:33:43] [Server thread/INFO]: NetherWart Growth Modifier: 100%
[23:33:43] [Server thread/INFO]: Vine Growth Modifier: 100%
[23:33:43] [Server thread/INFO]: Cocoa Growth Modifier: 100%
[23:33:43] [Server thread/INFO]: Entity Activation Range: An 32 / Mo 32 / Ra 48 / Mi 16 / Tiv true
[23:33:43] [Server thread/INFO]: Entity Tracking Range: Pl 48 / An 48 / Mo 48 / Mi 32 / Other 64
[23:33:43] [Server thread/INFO]: Hopper Transfer: 8 Hopper Check: 1 Hopper Amount: 1
[23:33:43] [Server thread/INFO]: Custom Map Seeds:  Village: 10387312 Desert: 14357617 Igloo: 14357618 Jungle: 14357619 Swamp: 14357620 Monument: 10387313Ocean: 14357621 Shipwreck: 165745295 Slime: 987234911
[23:33:43] [Server thread/INFO]: Max TNT Explosions: 100
[23:33:43] [Server thread/INFO]: Tile Max Tick Time: 50ms Entity max Tick Time: 50ms
[23:33:43] [Server thread/INFO]: View Distance: 10
[23:33:43] [Server thread/INFO]: Allow Zombie Pigmen to spawn from portal blocks: true
[23:33:43] [Server thread/INFO]: Arrow Despawn Rate: 1200
[23:33:43] [Server thread/INFO]: Item Despawn Rate: 6000
[23:33:43] [Server thread/INFO]: Item Merge Radius: 2.5
[23:33:43] [Server thread/INFO]: Zombie Aggressive Towards Villager: true
[23:33:43] [Server thread/INFO]: Nerfing mobs spawned from spawners: false
[23:33:43] [Server thread/INFO]: Preparing start region for dimension 'world'/minecraft:overworld
[23:33:48] [Server thread/INFO]: Preparing spawn area: 0%
[23:33:48] [Server thread/INFO]: Preparing spawn area: 0%
[23:33:48] [Server thread/INFO]: Preparing spawn area: 0%
[23:33:48] [Server thread/INFO]: Preparing spawn area: 0%
[23:33:48] [Server thread/INFO]: Preparing spawn area: 0%
[23:33:48] [Server thread/INFO]: Preparing spawn area: 0%
[23:33:48] [Server thread/INFO]: Preparing spawn area: 0%
[23:33:48] [Server thread/INFO]: Preparing spawn area: 0%
[23:33:48] [Server thread/INFO]: Preparing spawn area: 0%
[23:33:48] [Server thread/INFO]: Preparing spawn area: 0%
[23:33:48] [Server thread/INFO]: Preparing spawn area: 0%
[23:33:52] [Server-Worker-3/INFO]: Preparing spawn area: 0%
[23:33:52] [Server-Worker-3/INFO]: Preparing spawn area: 0%
[23:33:52] [Server-Worker-1/INFO]: Preparing spawn area: 0%
[23:33:52] [Server-Worker-1/INFO]: Preparing spawn area: 0%
[23:33:52] [Server-Worker-1/INFO]: Preparing spawn area: 0%
[23:33:52] [Server-Worker-1/INFO]: Preparing spawn area: 0%
[23:33:52] [Server-Worker-3/INFO]: Preparing spawn area: 0%
[23:33:52] [Server thread/INFO]: Preparing spawn area: 0%
[23:33:53] [Server thread/INFO]: Preparing spawn area: 57%
[23:33:53] [Server thread/INFO]: Time elapsed: 9731 ms
[23:33:53] [Server thread/INFO]: Preparing start region for dimension 'world_nether'/minecraft:the_nether
[23:33:54] [Server thread/INFO]: Preparing spawn area: 0%
[23:33:54] [Server thread/INFO]: Preparing spawn area: 0%
[23:33:54] [Server thread/INFO]: Preparing spawn area: 0%
[23:33:55] [Server-Worker-1/INFO]: Preparing spawn area: 83%
[23:33:55] [Server-Worker-2/INFO]: Preparing spawn area: 83%
[23:33:55] [Server-Worker-2/INFO]: Preparing spawn area: 83%
[23:33:56] [Server-Worker-1/INFO]: Preparing spawn area: 84%
[23:33:56] [Server-Worker-3/INFO]: Preparing spawn area: 85%
[23:33:57] [Server-Worker-1/INFO]: Preparing spawn area: 94%
[23:33:57] [Server thread/INFO]: Time elapsed: 4277 ms
[23:33:57] [Server thread/INFO]: Preparing start region for dimension 'world_the_end'/minecraft:the_end
[23:33:58] [Server thread/INFO]: Preparing spawn area: 0%
[23:33:58] [Server-Worker-3/INFO]: Preparing spawn area: 83%
[23:33:58] [Server-Worker-3/INFO]: Preparing spawn area: 93%
[23:33:58] [Server thread/INFO]: Time elapsed: 1072 ms
[23:33:58] [Server thread/INFO]: [Medic] Enabling Medic v1.3.2
[23:33:58] [Server thread/INFO]: §c---------------------------------------------------
[23:33:58] [Server thread/INFO]: §cMADE BY shivamCode!
[23:33:58] [Server thread/INFO]: §cMedic Loaded!
[23:33:58] [Server thread/INFO]: §c---------------------------------------------------
[23:33:58] [Server thread/INFO]: Server permissions file permissions.yml is empty, ignoring it
[23:33:58] [Server thread/INFO]: Done (18.618s)! For help, type "help"
[23:34:43] [User Authenticator #1/INFO]: UUID of player Furrydaus is aaf029ed-1ed0-3428-9a26-b88a6adb78fc
[23:34:43] [Server thread/INFO]: Furrydaus[/182.55.188.61:52380] logged in with entity id 244 at ([world]232.30000001192093, 64.0, -268.0171861834612)
[23:37:20] [Server thread/INFO]: Furrydaus lost connection: Disconnected
[23:37:20] [Server thread/INFO]: Furrydaus left the game
[23:37:38] [User Authenticator #2/INFO]: UUID of player Furrydaus is aaf029ed-1ed0-3428-9a26-b88a6adb78fc
[23:37:38] [Server thread/INFO]: Furrydaus[/182.55.188.61:52410] logged in with entity id 997 at ([world]226.78614481237523, 69.0, -269.86557024144486)
[23:37:38] [User Authenticator #3/INFO]: UUID of player DansGotB1tches is f4d47f0a-801b-3cf9-b20f-e80a83e2c551
[23:37:38] [Server thread/INFO]: DansGotB1tches[/118.200.60.254:55324] logged in with entity id 1040 at ([world]97.5, 67.0, -233.5)
[23:39:07] [Server thread/INFO]: Furrydaus issued server command: /tp DansGotB1tches furrydaus
[23:39:07] [Server thread/INFO]: [Furrydaus: Teleported DansGotB1tches to Furrydaus]
[23:41:07] [Server thread/INFO]: Stopping the server
[23:41:07] [Server thread/INFO]: Stopping server
[23:41:07] [Server thread/INFO]: [Medic] Disabling Medic v1.3.2
[23:41:07] [Server thread/INFO]: Medic Disabled!
[23:41:07] [Server thread/INFO]: Saving players
[23:41:07] [Server thread/INFO]: Furrydaus lost connection: Server closed
[23:41:07] [Server thread/INFO]: Furrydaus left the game
[23:41:07] [Server thread/INFO]: DansGotB1tches lost connection: Server closed
[23:41:07] [Server thread/INFO]: DansGotB1tches left the game
[23:41:07] [Server thread/INFO]: Saving worlds
[23:41:07] [Server thread/INFO]: Saving chunks for level 'world'/minecraft:overworld
[23:41:08] [Server thread/INFO]: ThreadedAnvilChunkStorage (world): All chunks are saved
[23:41:08] [Server thread/INFO]: Saving chunks for level 'world_nether'/minecraft:the_nether
[23:41:08] [Server thread/INFO]: ThreadedAnvilChunkStorage (DIM-1): All chunks are saved
[23:41:08] [Server thread/INFO]: Saving chunks for level 'world_the_end'/minecraft:the_end
[23:41:08] [Server thread/INFO]: ThreadedAnvilChunkStorage (DIM1): All chunks are saved
[23:41:08] [Server thread/INFO]: ThreadedAnvilChunkStorage (world): All chunks are saved
[23:41:08] [Server thread/INFO]: ThreadedAnvilChunkStorage (DIM-1): All chunks are saved
[23:41:08] [Server thread/INFO]: ThreadedAnvilChunkStorage (DIM1): All chunks are saved
